TN:
SF:server.js
FNF:0
FNH:0
DA:1,1
DA:2,1
DA:3,1
DA:4,1
DA:5,1
DA:6,1
DA:7,1
DA:8,1
DA:9,1
DA:10,1
DA:11,1
DA:12,1
LF:12
LH:12
BRDA:2,0,0,1
BRDA:9,1,0,1
BRF:2
BRH:2
end_of_record
TN:
SF:controllers\notesController.js
FN:3,exports.getAllNotes
FN:8,exports.getNoteById
FN:15,exports.createNote
FN:53,exports.deleteNote
FN:62,exports.updateNote
FNF:5
FNH:5
FNDA:2,exports.getAllNotes
FNDA:1,exports.getNoteById
FNDA:9,exports.createNote
FNDA:2,exports.deleteNote
FNDA:3,exports.updateNote
DA:1,1
DA:2,1
DA:3,1
DA:4,2
DA:5,2
DA:6,1
DA:7,1
DA:8,1
DA:9,1
DA:10,1
DA:11,1
DA:12,1
DA:13,0
DA:14,1
DA:15,1
DA:16,9
DA:17,9
DA:18,9
DA:19,9
DA:20,4
DA:21,4
DA:22,4
DA:23,5
DA:24,5
DA:25,5
DA:26,5
DA:27,5
DA:28,5
DA:29,5
DA:30,5
DA:31,5
DA:32,5
DA:33,5
DA:34,5
DA:35,5
DA:36,5
DA:37,5
DA:38,5
DA:39,1
DA:40,1
DA:41,1
DA:42,1
DA:43,1
DA:44,1
DA:45,1
DA:46,1
DA:47,1
DA:48,1
DA:49,1
DA:50,1
DA:51,1
DA:52,1
DA:53,1
DA:54,2
DA:55,2
DA:56,2
DA:57,1
DA:58,1
DA:59,1
DA:60,1
DA:61,1
DA:62,1
DA:63,3
DA:64,3
DA:65,3
DA:66,0
DA:67,0
DA:68,0
DA:69,0
DA:70,3
DA:71,3
DA:72,1
DA:73,1
DA:74,2
DA:75,2
DA:76,3
DA:77,1
DA:78,1
DA:79,1
DA:80,1
DA:81,1
DA:82,1
LF:82
LH:77
BRDA:1,0,0,1
BRDA:3,1,0,2
BRDA:8,2,0,1
BRDA:13,3,0,0
BRDA:10,4,0,124
BRDA:15,5,0,9
BRDA:19,6,0,7
BRDA:19,7,0,5
BRDA:19,8,0,5
BRDA:19,9,0,4
BRDA:23,10,0,5
BRDA:53,11,0,2
BRDA:56,12,0,1
BRDA:55,13,0,249
BRDA:62,14,0,3
BRDA:65,15,0,0
BRDA:71,16,0,1
BRDA:74,17,0,2
BRDA:76,18,0,1
BRDA:75,19,0,252
BRF:20
BRH:18
end_of_record
TN:
SF:routes\notesRoutes.js
FNF:0
FNH:0
DA:1,1
DA:2,1
DA:3,1
DA:4,1
DA:5,1
DA:6,1
DA:7,1
DA:8,1
DA:9,1
DA:10,1
DA:11,1
LF:11
LH:11
BRDA:2,0,0,1
BRF:1
BRH:1
end_of_record
TN:
SF:services\notesServices.js
FN:4,getNotes
FN:9,saveNotes
FNF:2
FNH:2
FNDA:12,getNotes
FNDA:7,saveNotes
DA:1,1
DA:2,1
DA:3,1
DA:4,12
DA:5,12
DA:6,12
DA:7,12
DA:8,1
DA:9,7
DA:10,7
DA:11,7
DA:12,1
DA:13,1
LF:13
LH:13
BRDA:1,0,0,1
BRDA:4,1,0,12
BRDA:9,2,0,7
BRF:3
BRH:3
end_of_record
